# JRE version: OpenJDK Runtime Environment Temurin-21.0.8+9 (21.0.8+9) (build 21.0.8+9-LTS)
# Java VM: OpenJDK 64-Bit Server VM Temurin-21.0.8+9 (21.0.8+9-LTS, mixed mode, sharing, tiered, compressed oops, compressed class ptrs, parallel gc, windows-amd64)
GC Precious Log:
 CardTable entry size: 512
 CPUs: 4 total, 4 available
 Memory: 8055M
 Large Page Support: Disabled
 NUMA Support: Disabled
 Compressed Oops: Enabled (32-bit)
 Alignments: Space 512K, Generation 512K, Heap 2M
 Heap Min Capacity: 100M
 Heap Initial Capacity: 100M
 Heap Max Capacity: 2G
 Pre-touch: Disabled
 Parallel Workers: 4
Heap:
 PSYoungGen      total 7680K, used 1119K [0x00000000d5580000, 0x00000000d5e80000, 0x0000000100000000)
  eden space 7168K, 9% used [0x00000000d5580000,0x00000000d562d9f8,0x00000000d5c80000)
  from space 512K, 83% used [0x00000000d5e00000,0x00000000d5e6a530,0x00000000d5e80000)
  to   space 512K, 0% used [0x00000000d5d80000,0x00000000d5d80000,0x00000000d5e00000)
 ParOldGen       total 94720K, used 59499K [0x0000000080000000, 0x0000000085c80000, 0x00000000d5580000)
  object space 94720K, 62% used [0x0000000080000000,0x0000000083a1afe0,0x0000000085c80000)
 Metaspace       used 60050K, committed 61376K, reserved 1114112K
  class space    used 6314K, committed 6912K, reserved 1048576K
GC Heap History (20 events):
Event: 84.241 GC heap before
{Heap before GC invocations=178 (full 2):
 PSYoungGen      total 8192K, used 7818K [0x00000000d5580000, 0x00000000d5e80000, 0x0000000100000000)
  eden space 7168K, 100% used [0x00000000d5580000,0x00000000d5c80000,0x00000000d5c80000)
  from space 1024K, 63% used [0x00000000d5d00000,0x00000000d5da2980,0x00000000d5e00000)
  to   space 512K, 0% used [0x00000000d5e00000,0x00000000d5e00000,0x00000000d5e80000)
 ParOldGen       total 94208K, used 94152K [0x0000000080000000, 0x0000000085c00000, 0x00000000d5580000)
  object space 94208K, 99% used [0x0000000080000000,0x0000000085bf2228,0x0000000085c00000)
 Metaspace       used 57060K, committed 58368K, reserved 1114112K
  class space    used 5994K, committed 6592K, reserved 1048576K
}
Event: 84.243 GC heap after
{Heap after GC invocations=178 (full 2):
 PSYoungGen      total 7680K, used 192K [0x00000000d5580000, 0x00000000d5e80000, 0x0000000100000000)
  eden space 7168K, 0% used [0x00000000d5580000,0x00000000d5580000,0x00000000d5c80000)
  from space 512K, 37% used [0x00000000d5e00000,0x00000000d5e30000,0x00000000d5e80000)
  to   space 512K, 0% used [0x00000000d5d80000,0x00000000d5d80000,0x00000000d5e00000)
 ParOldGen       total 94208K, used 94152K [0x0000000080000000, 0x0000000085c00000, 0x00000000d5580000)
  object space 94208K, 99% used [0x0000000080000000,0x0000000085bf2228,0x0000000085c00000)
 Metaspace       used 57060K, committed 58368K, reserved 1114112K
  class space    used 5994K, committed 6592K, reserved 1048576K
}
Event: 84.421 GC heap before
{Heap before GC invocations=179 (full 2):
 PSYoungGen      total 7680K, used 7360K [0x00000000d5580000, 0x00000000d5e80000, 0x0000000100000000)
  eden space 7168K, 100% used [0x00000000d5580000,0x00000000d5c80000,0x00000000d5c80000)
  from space 512K, 37% used [0x00000000d5e00000,0x00000000d5e30000,0x00000000d5e80000)
  to   space 512K, 0% used [0x00000000d5d80000,0x00000000d5d80000,0x00000000d5e00000)
 ParOldGen       total 94208K, used 94152K [0x0000000080000000, 0x0000000085c00000, 0x00000000d5580000)
  object space 94208K, 99% used [0x0000000080000000,0x0000000085bf2228,0x0000000085c00000)
 Metaspace       used 57205K, committed 58496K, reserved 1114112K
  class space    used 6034K, committed 6592K, reserved 1048576K
}
Event: 84.422 GC heap after
{Heap after GC invocations=179 (full 2):
 PSYoungGen      total 7680K, used 96K [0x00000000d5580000, 0x00000000d5e80000, 0x0000000100000000)
  eden space 7168K, 0% used [0x00000000d5580000,0x00000000d5580000,0x00000000d5c80000)
  from space 512K, 18% used [0x00000000d5d80000,0x00000000d5d98000,0x00000000d5e00000)
  to   space 512K, 0% used [0x00000000d5e00000,0x00000000d5e00000,0x00000000d5e80000)
 ParOldGen       total 94720K, used 94280K [0x0000000080000000, 0x0000000085c80000, 0x00000000d5580000)
  object space 94720K, 99% used [0x0000000080000000,0x0000000085c12228,0x0000000085c80000)
 Metaspace       used 57205K, committed 58496K, reserved 1114112K
  class space    used 6034K, committed 6592K, reserved 1048576K
}
Event: 84.782 GC heap before
{Heap before GC invocations=180 (full 2):
 PSYoungGen      total 7680K, used 7204K [0x00000000d5580000, 0x00000000d5e80000, 0x0000000100000000)
  eden space 7168K, 99% used [0x00000000d5580000,0x00000000d5c71000,0x00000000d5c80000)
  from space 512K, 18% used [0x00000000d5d80000,0x00000000d5d98000,0x00000000d5e00000)
  to   space 512K, 0% used [0x00000000d5e00000,0x00000000d5e00000,0x00000000d5e80000)
 ParOldGen       total 94720K, used 94280K [0x0000000080000000, 0x0000000085c80000, 0x00000000d5580000)
  object space 94720K, 99% used [0x0000000080000000,0x0000000085c12228,0x0000000085c80000)
 Metaspace       used 57540K, committed 58880K, reserved 1114112K
  class space    used 6069K, committed 6656K, reserved 1048576K
}
Event: 84.783 GC heap after
{Heap after GC invocations=180 (full 2):
 PSYoungGen      total 7680K, used 224K [0x00000000d5580000, 0x00000000d5e80000, 0x0000000100000000)
  eden space 7168K, 0% used [0x00000000d5580000,0x00000000d5580000,0x00000000d5c80000)
  from space 512K, 43% used [0x00000000d5e00000,0x00000000d5e38000,0x00000000d5e80000)
  to   space 512K, 0% used [0x00000000d5d80000,0x00000000d5d80000,0x00000000d5e00000)
 ParOldGen       total 94720K, used 94312K [0x0000000080000000, 0x0000000085c80000, 0x00000000d5580000)
  object space 94720K, 99% used [0x0000000080000000,0x0000000085c1a228,0x0000000085c80000)
 Metaspace       used 57540K, committed 58880K, reserved 1114112K
  class space    used 6069K, committed 6656K, reserved 1048576K
}
Event: 85.042 GC heap before
{Heap before GC invocations=181 (full 2):
 PSYoungGen      total 7680K, used 7392K [0x00000000d5580000, 0x00000000d5e80000, 0x0000000100000000)
  eden space 7168K, 100% used [0x00000000d5580000,0x00000000d5c80000,0x00000000d5c80000)
  from space 512K, 43% used [0x00000000d5e00000,0x00000000d5e38000,0x00000000d5e80000)
  to   space 512K, 0% used [0x00000000d5d80000,0x00000000d5d80000,0x00000000d5e00000)
 ParOldGen       total 94720K, used 94312K [0x0000000080000000, 0x0000000085c80000, 0x00000000d5580000)
  object space 94720K, 99% used [0x0000000080000000,0x0000000085c1a228,0x0000000085c80000)
 Metaspace       used 57887K, committed 59200K, reserved 1114112K
  class space    used 6106K, committed 6656K, reserved 1048576K
}
Event: 85.044 GC heap after
{Heap after GC invocations=181 (full 2):
 PSYoungGen      total 7680K, used 160K [0x00000000d5580000, 0x00000000d5e80000, 0x0000000100000000)
  eden space 7168K, 0% used [0x00000000d5580000,0x00000000d5580000,0x00000000d5c80000)
  from space 512K, 31% used [0x00000000d5d80000,0x00000000d5da8000,0x00000000d5e00000)
  to   space 512K, 0% used [0x00000000d5e00000,0x00000000d5e00000,0x00000000d5e80000)
 ParOldGen       total 94720K, used 94464K [0x0000000080000000, 0x0000000085c80000, 0x00000000d5580000)
  object space 94720K, 99% used [0x0000000080000000,0x0000000085c40228,0x0000000085c80000)
 Metaspace       used 57887K, committed 59200K, reserved 1114112K
  class space    used 6106K, committed 6656K, reserved 1048576K
}
Event: 85.183 GC heap before
{Heap before GC invocations=182 (full 2):
 PSYoungGen      total 7680K, used 7293K [0x00000000d5580000, 0x00000000d5e80000, 0x0000000100000000)
  eden space 7168K, 99% used [0x00000000d5580000,0x00000000d5c775f0,0x00000000d5c80000)
  from space 512K, 31% used [0x00000000d5d80000,0x00000000d5da8000,0x00000000d5e00000)
  to   space 512K, 0% used [0x00000000d5e00000,0x00000000d5e00000,0x00000000d5e80000)
 ParOldGen       total 94720K, used 94464K [0x0000000080000000, 0x0000000085c80000, 0x00000000d5580000)
  object space 94720K, 99% used [0x0000000080000000,0x0000000085c40228,0x0000000085c80000)
 Metaspace       used 58412K, committed 59712K, reserved 1114112K
  class space    used 6147K, committed 6720K, reserved 1048576K
}
Event: 85.185 GC heap after
{Heap after GC invocations=182 (full 2):
 PSYoungGen      total 7680K, used 347K [0x00000000d5580000, 0x00000000d5e80000, 0x0000000100000000)
  eden space 7168K, 0% used [0x00000000d5580000,0x00000000d5580000,0x00000000d5c80000)
  from space 512K, 67% used [0x00000000d5e00000,0x00000000d5e56fa0,0x00000000d5e80000)
  to   space 512K, 0% used [0x00000000d5d80000,0x00000000d5d80000,0x00000000d5e00000)
 ParOldGen       total 94720K, used 94552K [0x0000000080000000, 0x0000000085c80000, 0x00000000d5580000)
  object space 94720K, 99% used [0x0000000080000000,0x0000000085c56228,0x0000000085c80000)
 Metaspace       used 58412K, committed 59712K, reserved 1114112K
  class space    used 6147K, committed 6720K, reserved 1048576K
}
Event: 85.188 GC heap before
{Heap before GC invocations=183 (full 2):
 PSYoungGen      total 7680K, used 660K [0x00000000d5580000, 0x00000000d5e80000, 0x0000000100000000)
  eden space 7168K, 4% used [0x00000000d5580000,0x00000000d55ce140,0x00000000d5c80000)
  from space 512K, 67% used [0x00000000d5e00000,0x00000000d5e56fa0,0x00000000d5e80000)
  to   space 512K, 0% used [0x00000000d5d80000,0x00000000d5d80000,0x00000000d5e00000)
 ParOldGen       total 94720K, used 94552K [0x0000000080000000, 0x0000000085c80000, 0x00000000d5580000)
  object space 94720K, 99% used [0x0000000080000000,0x0000000085c56228,0x0000000085c80000)
 Metaspace       used 58502K, committed 59776K, reserved 1114112K
  class space    used 6148K, committed 6720K, reserved 1048576K
}
Event: 85.189 GC heap after
{Heap after GC invocations=183 (full 2):
 PSYoungGen      total 7680K, used 186K [0x00000000d5580000, 0x00000000d5e80000, 0x0000000100000000)
  eden space 7168K, 0% used [0x00000000d5580000,0x00000000d5580000,0x00000000d5c80000)
  from space 512K, 36% used [0x00000000d5d80000,0x00000000d5dae870,0x00000000d5e00000)
  to   space 512K, 0% used [0x00000000d5e00000,0x00000000d5e00000,0x00000000d5e80000)
 ParOldGen       total 94720K, used 94672K [0x0000000080000000, 0x0000000085c80000, 0x00000000d5580000)
  object space 94720K, 99% used [0x0000000080000000,0x0000000085c74228,0x0000000085c80000)
 Metaspace       used 58502K, committed 59776K, reserved 1114112K
  class space    used 6148K, committed 6720K, reserved 1048576K
}
Event: 85.189 GC heap before
{Heap before GC invocations=184 (full 3):
 PSYoungGen      total 7680K, used 186K [0x00000000d5580000, 0x00000000d5e80000, 0x0000000100000000)
  eden space 7168K, 0% used [0x00000000d5580000,0x00000000d5580000,0x00000000d5c80000)
  from space 512K, 36% used [0x00000000d5d80000,0x00000000d5dae870,0x00000000d5e00000)
  to   space 512K, 0% used [0x00000000d5e00000,0x00000000d5e00000,0x00000000d5e80000)
 ParOldGen       total 94720K, used 94672K [0x0000000080000000, 0x0000000085c80000, 0x00000000d5580000)
  object space 94720K, 99% used [0x0000000080000000,0x0000000085c74228,0x0000000085c80000)
 Metaspace       used 58502K, committed 59776K, reserved 1114112K
  class space    used 6148K, committed 6720K, reserved 1048576K
}
Event: 85.372 GC heap after
{Heap after GC invocations=184 (full 3):
 PSYoungGen      total 7680K, used 0K [0x00000000d5580000, 0x00000000d5e80000, 0x0000000100000000)
  eden space 7168K, 0% used [0x00000000d5580000,0x00000000d5580000,0x00000000d5c80000)
  from space 512K, 0% used [0x00000000d5d80000,0x00000000d5d80000,0x00000000d5e00000)
  to   space 512K, 0% used [0x00000000d5e00000,0x00000000d5e00000,0x00000000d5e80000)
 ParOldGen       total 94720K, used 58749K [0x0000000080000000, 0x0000000085c80000, 0x00000000d5580000)
  object space 94720K, 62% used [0x0000000080000000,0x000000008395f570,0x0000000085c80000)
 Metaspace       used 58502K, committed 59776K, reserved 1114112K
  class space    used 6148K, committed 6720K, reserved 1048576K
}
Event: 85.710 GC heap before
{Heap before GC invocations=185 (full 3):
 PSYoungGen      total 7680K, used 7168K [0x00000000d5580000, 0x00000000d5e80000, 0x0000000100000000)
  eden space 7168K, 100% used [0x00000000d5580000,0x00000000d5c80000,0x00000000d5c80000)
  from space 512K, 0% used [0x00000000d5d80000,0x00000000d5d80000,0x00000000d5e00000)
  to   space 512K, 0% used [0x00000000d5e00000,0x00000000d5e00000,0x00000000d5e80000)
 ParOldGen       total 94720K, used 58749K [0x0000000080000000, 0x0000000085c80000, 0x00000000d5580000)
  object space 94720K, 62% used [0x0000000080000000,0x000000008395f570,0x0000000085c80000)
 Metaspace       used 59363K, committed 60672K, reserved 1114112K
  class space    used 6257K, committed 6848K, reserved 1048576K
}
Event: 85.714 GC heap after
{Heap after GC invocations=185 (full 3):
 PSYoungGen      total 7680K, used 512K [0x00000000d5580000, 0x00000000d5e80000, 0x0000000100000000)
  eden space 7168K, 0% used [0x00000000d5580000,0x00000000d5580000,0x00000000d5c80000)
  from space 512K, 100% used [0x00000000d5e00000,0x00000000d5e80000,0x00000000d5e80000)
  to   space 1024K, 0% used [0x00000000d5c80000,0x00000000d5c80000,0x00000000d5d80000)
 ParOldGen       total 94720K, used 58789K [0x0000000080000000, 0x0000000085c80000, 0x00000000d5580000)
  object space 94720K, 62% used [0x0000000080000000,0x0000000083969570,0x0000000085c80000)
 Metaspace       used 59363K, committed 60672K, reserved 1114112K
  class space    used 6257K, committed 6848K, reserved 1048576K
}
Event: 86.178 GC heap before
{Heap before GC invocations=186 (full 3):
 PSYoungGen      total 7680K, used 7680K [0x00000000d5580000, 0x00000000d5e80000, 0x0000000100000000)
  eden space 7168K, 100% used [0x00000000d5580000,0x00000000d5c80000,0x00000000d5c80000)
  from space 512K, 100% used [0x00000000d5e00000,0x00000000d5e80000,0x00000000d5e80000)
  to   space 1024K, 0% used [0x00000000d5c80000,0x00000000d5c80000,0x00000000d5d80000)
 ParOldGen       total 94720K, used 58789K [0x0000000080000000, 0x0000000085c80000, 0x00000000d5580000)
  object space 94720K, 62% used [0x0000000080000000,0x0000000083969570,0x0000000085c80000)
 Metaspace       used 59766K, committed 61120K, reserved 1114112K
  class space    used 6296K, committed 6912K, reserved 1048576K
}
Event: 86.180 GC heap after
{Heap after GC invocations=186 (full 3):
 PSYoungGen      total 8192K, used 384K [0x00000000d5580000, 0x00000000d5e80000, 0x0000000100000000)
  eden space 7168K, 0% used [0x00000000d5580000,0x00000000d5580000,0x00000000d5c80000)
  from space 1024K, 37% used [0x00000000d5c80000,0x00000000d5ce0000,0x00000000d5d80000)
  to   space 512K, 0% used [0x00000000d5e00000,0x00000000d5e00000,0x00000000d5e80000)
 ParOldGen       total 94720K, used 59228K [0x0000000080000000, 0x0000000085c80000, 0x00000000d5580000)
  object space 94720K, 62% used [0x0000000080000000,0x00000000839d7190,0x0000000085c80000)
 Metaspace       used 59766K, committed 61120K, reserved 1114112K
  class space    used 6296K, committed 6912K, reserved 1048576K
}
Event: 86.586 GC heap before
{Heap before GC invocations=187 (full 3):
 PSYoungGen      total 8192K, used 7552K [0x00000000d5580000, 0x00000000d5e80000, 0x0000000100000000)
  eden space 7168K, 100% used [0x00000000d5580000,0x00000000d5c80000,0x00000000d5c80000)
  from space 1024K, 37% used [0x00000000d5c80000,0x00000000d5ce0000,0x00000000d5d80000)
  to   space 512K, 0% used [0x00000000d5e00000,0x00000000d5e00000,0x00000000d5e80000)
 ParOldGen       total 94720K, used 59228K [0x0000000080000000, 0x0000000085c80000, 0x00000000d5580000)
  object space 94720K, 62% used [0x0000000080000000,0x00000000839d7190,0x0000000085c80000)
 Metaspace       used 59997K, committed 61312K, reserved 1114112K
  class space    used 6311K, committed 6912K, reserved 1048576K
}
Event: 86.589 GC heap after
{Heap after GC invocations=187 (full 3):
 PSYoungGen      total 7680K, used 425K [0x00000000d5580000, 0x00000000d5e80000, 0x0000000100000000)
  eden space 7168K, 0% used [0x00000000d5580000,0x00000000d5580000,0x00000000d5c80000)
  from space 512K, 83% used [0x00000000d5e00000,0x00000000d5e6a530,0x00000000d5e80000)
  to   space 512K, 0% used [0x00000000d5d80000,0x00000000d5d80000,0x00000000d5e00000)
 ParOldGen       total 94720K, used 59499K [0x0000000080000000, 0x0000000085c80000, 0x00000000d5580000)
  object space 94720K, 62% used [0x0000000080000000,0x0000000083a1afe0,0x0000000085c80000)
 Metaspace       used 59997K, committed 61312K, reserved 1114112K
  class space    used 6311K, committed 6912K, reserved 1048576K
}

